[00:34:58] [Server thread/INFO]: cjdaman21 lost connection: Disconnected
[00:34:58] [Server thread/INFO]: Farewell to this realm, cjdaman21
[01:07:07] [User Authenticator #23/INFO]: UUID of player Cestroid is 639b2c9b-c65b-46ad-92f6-c6d9320b2bd8
[01:07:07] [Server thread/INFO]: Cestroid[/73.245.111.30:54560] logged in with entity id 100338 at ([world]-452.60652625774514, 59.0, 179.00438289805246)
[01:07:08] [Server thread/INFO]: Welcome to the beastly realm, Cestroid, there are 1 players currently crafting the day away![m
[01:18:01] [User Authenticator #24/INFO]: UUID of player cjdaman21 is e39119b3-8c1c-4a2c-b544-e2c8ee301b0d
[01:18:01] [Server thread/INFO]: cjdaman21[/73.183.112.179:52611] logged in with entity id 102214 at ([world]-10879.95591408566, 71.0, -2480.6467395870955)
[01:18:02] [Server thread/INFO]: Welcome to the beastly realm, cjdaman21, there are 2 players currently crafting the day away![m
[01:18:16] [Async Chat Thread - #84/INFO]: <cjdaman21> sleep[m
[01:18:26] [Server thread/INFO]: Cestroid lost connection: Disconnected
[01:18:26] [Server thread/INFO]: Farewell to this realm, Cestroid
[01:18:36] [User Authenticator #25/INFO]: UUID of player Cestroid is 639b2c9b-c65b-46ad-92f6-c6d9320b2bd8
[01:18:36] [Server thread/INFO]: Cestroid[/73.245.111.30:54626] logged in with entity id 102536 at ([world]-476.8625599843093, 37.0, -11.48576531175261)
[01:18:36] [Server thread/INFO]: Welcome to the beastly realm, Cestroid, there are 2 players currently crafting the day away![m
[01:18:41] [Async Chat Thread - #84/INFO]: <cjdaman21> piss?[m
[01:19:04] [Async Chat Thread - #85/INFO]: <Cestroid> gimem a sec[m
[01:19:08] [Async Chat Thread - #84/INFO]: <cjdaman21> aight[m
[01:20:57] [Async Chat Thread - #86/INFO]: <cjdaman21> ill join when you get on[m
[01:21:14] [Async Chat Thread - #86/INFO]: <Cestroid> okey[m
[01:22:20] [Async Chat Thread - #88/INFO]: <Cestroid> wanna do daily forts?[m
[01:22:24] [Async Chat Thread - #88/INFO]: <cjdaman21> ye[m
[01:22:28] [Async Chat Thread - #89/INFO]: <Cestroid> aight[m
[01:22:36] [Server thread/INFO]: cjdaman21 lost connection: Disconnected
[01:22:36] [Server thread/INFO]: Farewell to this realm, cjdaman21
[01:22:37] [Async Chat Thread - #88/INFO]: <Cestroid> ill be in piss in 30 sec\[m
[01:22:41] [Server thread/INFO]: Cestroid lost connection: Disconnected
[01:22:41] [Server thread/INFO]: Farewell to this realm, Cestroid
[01:35:00] [Server thread/INFO]: CONSOLE issued server command: /online 
[01:35:00] [Server thread/INFO]: [0;33;22mThere are [0;31;1m0[0;33;22m out of maximum [0;31;1m20[0;33;22m players online.[m
[02:17:43] [Craft Scheduler Thread - 66/INFO]: [Vault] Checking for Updates ... 
[02:17:43] [Craft Scheduler Thread - 66/INFO]: [Vault] No new version available
[02:19:12] [Server thread/INFO]: CONSOLE issued server command: /online 
[02:19:12] [Server thread/INFO]: [0;33;22mThere are [0;31;1m0[0;33;22m out of maximum [0;31;1m20[0;33;22m players online.[m
[02:27:40] [User Authenticator #26/INFO]: UUID of player Cestroid is 639b2c9b-c65b-46ad-92f6-c6d9320b2bd8
[02:27:40] [Server thread/INFO]: Cestroid[/73.245.111.30:54851] logged in with entity id 103995 at ([world]-390.0888848830975, 67.0, -58.25602770262789)
[02:27:41] [Server thread/INFO]: Welcome to the beastly realm, Cestroid, there are 1 players currently crafting the day away![m
[02:28:54] [Server thread/INFO]: com.mojang.authlib.GameProfile@13d62007[id=<null>,name=clutch2dope,properties={},legacy=false] (/47.184.120.151:57350) lost connection: Disconnected
[02:29:27] [Server thread/INFO]: [Not Secure] [Server] on sec
[02:29:32] [Server thread/INFO]: CONSOLE issued server command: /broadcast frfr'
[02:29:49] [Server thread/INFO]: com.mojang.authlib.GameProfile@501a65c0[id=<null>,name=clutch2dope,properties={},legacy=false] (/47.184.120.151:57402) lost connection: Disconnected
[02:30:46] [User Authenticator #27/INFO]: UUID of player clutch2dope is b962a643-ce32-440d-8004-e4999901efb3
[02:30:47] [Server thread/INFO]: clutch2dope[/47.184.120.151:57460] logged in with entity id 104767 at ([world]-533.3000000119209, -59.0, 350.69999998807907)
[02:30:47] [Server thread/INFO]: Welcome to the beastly realm, clutch2dope, there are 2 players currently crafting the day away![m
[02:30:52] [Async Chat Thread - #91/INFO]: <clutch2dope> 2 dope[m
[02:30:53] [Async Chat Thread - #91/INFO]: <Cestroid> CLURCH\[m
[02:31:06] [Async Chat Thread - #92/INFO]: <clutch2dope> where my cheddas at[m
[02:31:08] [Server thread/INFO]: CONSOLE issued server command: /broadcast frfr'
[02:31:24] [Async Chat Thread - #91/INFO]: <Cestroid> I JUST BE IN THE DESERT[m
[02:31:32] [Async Chat Thread - #92/INFO]: <clutch2dope> 2dope[m
[02:32:07] [Async Chat Thread - #91/INFO]: <clutch2dope> hittin nigggas wit tha rocket launcha[m
[02:32:11] [Server thread/INFO]: CONSOLE issued server command: /broadcast frfr
[02:32:30] [Async Chat Thread - #92/INFO]: <clutch2dope> dang ap expanded this place like cray[m
[02:32:34] [Async Chat Thread - #92/INFO]: <clutch2dope> giant slime tho[m
[02:32:40] [Async Chat Thread - #92/INFO]: <Cestroid> dang[m
[02:32:46] [Async Chat Thread - #91/INFO]: <Cestroid> you down under?[m
[02:32:54] [Async Chat Thread - #92/INFO]: <clutch2dope> shits 2dope[m
[02:32:57] [Async Chat Thread - #92/INFO]: <clutch2dope> yeh[m
[02:33:16] [Async Chat Thread - #91/INFO]: <Cestroid> aint been down ere in a minute[m
[02:33:18] [Async Chat Thread - #92/INFO]: <Cestroid> fr fr[m
[02:33:19] [Async Chat Thread - #92/INFO]: <clutch2dope> tf bl;ast furnace do[m
[02:33:21] [Server thread/INFO]: CONSOLE issued server command: /broadcast frfr
[02:33:54] [Async Chat Thread - #91/INFO]: <Cestroid> tf[m
[02:34:00] [Async Chat Thread - #91/INFO]: <Cestroid> where you talm bout[m
[02:34:12] [Async Chat Thread - #92/INFO]: <clutch2dope> lowa level[m
[02:34:19] [Async Chat Thread - #91/INFO]: <Cestroid> how get[m
[02:34:28] [Async Chat Thread - #92/INFO]: <clutch2dope> ion kno tbr[m
[02:34:32] [Async Chat Thread - #91/INFO]: <clutch2dope> ap did some weird move[m
[02:34:47] [Async Chat Thread - #92/INFO]: <Cestroid> ahhhh ap make cents[m
[02:34:59] [Async Chat Thread - #92/INFO]: <Cestroid> ohhh][m
[02:35:02] [Async Chat Thread - #92/INFO]: <Cestroid> u turn[m
[02:35:26] [Async Chat Thread - #91/INFO]: <Cestroid> bro found a ameystst[m
[02:35:27] [Async Chat Thread - #91/INFO]: <clutch2dope> rich af[m
[02:35:48] [Async Chat Thread - #91/INFO]: <clutch2dope> enchant?[m
[02:35:48] [Async Chat Thread - #91/INFO]: <Cestroid> obsideiom[m
[02:35:53] [Async Chat Thread - #91/INFO]: <Cestroid> let get this shit[m
[02:35:56] [Async Chat Thread - #91/INFO]: <clutch2dope> u got dia pick?[m
[02:36:17] [Async Chat Thread - #92/INFO]: <Cestroid> hey minecraft craft me a diamond pix[m
[02:36:25] [Async Chat Thread - #92/INFO]: <Cestroid> thx[m
[02:36:39] [Server thread/INFO]: Cestroid has made the advancement [Ice Bucket Challenge]
[02:37:00] [Server thread/INFO]: CONSOLE issued server command: /broadcast 2023-09-14 02:36:38.308 [info] > git status -z -uall [260ms]
[02:37:00] [Server thread/INFO]: Unknown command. Type "/help" for help.[m
[02:37:00] [Server thread/INFO]: Unknown command. Type "/help" for help.[m
[02:37:00] [Server thread/INFO]: Unknown command. Type "/help" for help.[m
[02:37:02] [Server thread/INFO]: Unknown command. Type "/help" for help.[m
[02:37:21] [Async Chat Thread - #91/INFO]: <clutch2dope> obsidedon[m
[02:37:39] [Async Chat Thread - #92/INFO]: <Cestroid> we can make a netha portal[m
[02:37:43] [Async Chat Thread - #92/INFO]: <clutch2dope> fr fr[m
[02:37:48] [Server thread/INFO]: [Not Secure] [Server] 2dope
[02:39:19] [Async Chat Thread - #93/INFO]: <clutch2dope> dont let the dragon drag on[m
[02:39:39] [Async Chat Thread - #93/INFO]: <Cestroid> y the dragon[m
[02:40:04] [Async Chat Thread - #94/INFO]: <clutch2dope> where that from again??[m
[02:40:28] [Async Chat Thread - #93/INFO]: <Cestroid> cj minecraft username got changed to that once[m
[02:40:34] [Async Chat Thread - #94/INFO]: <clutch2dope> ohhhhhh yeahhhh[m
[02:41:12] [Async Chat Thread - #94/INFO]: <clutch2dope> how many bloques[m
[02:41:56] [Async Chat Thread - #93/INFO]: <Cestroid> like 22 lol[m
[02:41:59] [Async Chat Thread - #94/INFO]: <Cestroid> we richj[m
[02:42:22] [Async Chat Thread - #94/INFO]: <clutch2dope> oh we rich rich[m
[02:42:28] [Async Chat Thread - #93/INFO]: <Cestroid> ok 24 good[m
[02:43:06] [Async Chat Thread - #94/INFO]: <clutch2dope> those stairs crazyyy quiq[m
[02:43:20] [Async Chat Thread - #94/INFO]: <clutch2dope> DOPE[m
[02:44:33] [Async Chat Thread - #95/INFO]: <Cestroid> got a light?[m
[02:44:37] [Async Chat Thread - #96/INFO]: <clutch2dope> heheheh[m
[02:44:59] [Async Chat Thread - #95/INFO]: <clutch2dope> we need food[m
[02:45:16] [Async Chat Thread - #96/INFO]: <Cestroid> beet roots out back[m
[02:45:24] [Async Chat Thread - #95/INFO]: <clutch2dope> harvestin[m
[02:45:28] [Async Chat Thread - #96/INFO]: <clutch2dope> tf u do wit these?[m
[02:45:39] [Async Chat Thread - #96/INFO]: <Cestroid> idk can eat em?[m
[02:46:06] [Async Chat Thread - #95/INFO]: <clutch2dope> yeh they like half a meat lol[m
[02:46:09] [Async Chat Thread - #96/INFO]: <clutch2dope> can u cook?[m
[02:46:09] [Async Chat Thread - #95/INFO]: <Cestroid> lfg[m
[02:46:13] [Async Chat Thread - #96/INFO]: <Cestroid> kaybe[m
[02:46:26] [Async Chat Thread - #95/INFO]: <clutch2dope> nope![m
[02:46:37] [Async Chat Thread - #96/INFO]: <Cestroid> tf you make a ender chest[m
[02:46:57] [Async Chat Thread - #95/INFO]: <clutch2dope> beetroot stew![m
[02:47:07] [Async Chat Thread - #96/INFO]: <Cestroid> shit sound gooddd[m
[02:48:56] [Async Chat Thread - #98/INFO]: <Cestroid> TO THE PODS[m
[02:49:01] [Async Chat Thread - #97/INFO]: <clutch2dope> #1[m
[02:49:14] [Async Chat Thread - #98/INFO]: <clutch2dope> let day be day[m
[02:49:21] [Async Chat Thread - #97/INFO]: <clutch2dope> and cj be gay![m
[02:49:29] [Async Chat Thread - #98/INFO]: <Cestroid> i give ya some fish for now but let go to the mnether[m
[02:49:33] [Async Chat Thread - #97/INFO]: <clutch2dope> tf takin so long[m
[02:49:59] [Async Chat Thread - #98/INFO]: <Cestroid> tf it still night[m
[02:50:12] [Async Chat Thread - #97/INFO]: <Cestroid> musta set me alrm too early[m
[02:50:28] [Async Chat Thread - #98/INFO]: <Cestroid> goin back to bed[m
[02:50:30] [Async Chat Thread - #97/INFO]: <Cestroid> fr fr[m
[02:50:35] [Async Chat Thread - #98/INFO]: <clutch2dope> aite[m
[02:50:38] [Async Chat Thread - #97/INFO]: <clutch2dope> #1[m
[02:50:46] [Server thread/INFO]: Villager EntityVillager['Nitwit'/104216, l='ServerLevel[world]', x=-431.26, y=62.00, z=127.46] died, message: 'Nitwit was slain by Zombie'
[02:50:47] [Async Chat Thread - #98/INFO]: <clutch2dope> 1 sec[m
[02:50:52] [Async Chat Thread - #97/INFO]: <Cestroid> u gunna wear armor or what[m
[02:50:56] [Async Chat Thread - #97/INFO]: <clutch2dope> yeh[m
[02:51:17] [Async Chat Thread - #97/INFO]: <Cestroid> there 7 iron cooking top left if need pants[m
[02:51:28] [Server thread/INFO]: clutch2dope has made the advancement [Suit Up]
[02:51:38] [Async Chat Thread - #98/INFO]: <Cestroid> fr fr[m
[02:51:51] [Async Chat Thread - #97/INFO]: <Cestroid> im finna go deeper[m
[02:51:57] [Server thread/INFO]: Cestroid has made the advancement [We Need to Go Deeper]
[02:52:14] [Async Chat Thread - #98/INFO]: <Cestroid> found me a specimen[m
[02:52:32] [Async Chat Thread - #98/INFO]: <Cestroid> grabbin some dope ass shrooms[m
[02:52:53] [Async Chat Thread - #98/INFO]: <clutch2dope> wya[m
[02:52:56] [Async Chat Thread - #97/INFO]: <clutch2dope> netha?[m
[02:53:01] [Async Chat Thread - #98/INFO]: <Cestroid> went deepa[m
[02:53:07] [Async Chat Thread - #97/INFO]: <clutch2dope> huh[m
[02:53:10] [Async Chat Thread - #98/INFO]: <clutch2dope> netha?[m
[02:53:20] [Async Chat Thread - #98/INFO]: <clutch2dope> nigga[m
[02:53:51] [Server thread/INFO]: clutch2dope has made the advancement [We Need to Go Deeper]
[02:54:11] [Async Chat Thread - #98/INFO]: <clutch2dope> warped fungus![m
[02:54:17] [Async Chat Thread - #98/INFO]: <clutch2dope> a fungus amongus[m
[02:54:19] [Async Chat Thread - #97/INFO]: <Cestroid> mhmm[m
[02:54:28] [Async Chat Thread - #97/INFO]: <clutch2dope> shit goes warpee[m
[02:54:30] [Async Chat Thread - #98/INFO]: <clutch2dope> shit goes warped[m
[02:54:34] [Async Chat Thread - #97/INFO]: <Cestroid> grabbin some blue ass wood[m
[02:55:35] [Async Chat Thread - #99/INFO]: <Cestroid> tf are we[m
[02:55:41] [Async Chat Thread - #99/INFO]: <clutch2dope> multiverse![m
[02:55:50] [Async Chat Thread - #100/INFO]: <Cestroid> dr weird[m
[02:56:14] [Async Chat Thread - #99/INFO]: <Cestroid> BROKE ASS BOY[m
[02:56:26] [Async Chat Thread - #100/INFO]: <clutch2dope> i got a diamond pick i aint wanna waste[m
[02:56:31] [Async Chat Thread - #99/INFO]: <Cestroid> wanna go over ere[m
[02:56:41] [Async Chat Thread - #99/INFO]: <clutch2dope> lavadiving[m
[02:57:18] [Async Chat Thread - #100/INFO]: <clutch2dope> niiiiice[m
[02:57:25] [Async Chat Thread - #99/INFO]: <clutch2dope> tf these niqqas[m
[02:57:52] [Server thread/INFO]: clutch2dope has made the advancement [Those Were the Days]
[02:57:57] [Server thread/INFO]: Cestroid has made the advancement [Those Were the Days]
[02:58:54] [Async Chat Thread - #102/INFO]: <Cestroid> lame ass dude fr[m
[02:59:10] [Async Chat Thread - #102/INFO]: <Cestroid> dude all most killed my ass[m
[02:59:32] [Async Chat Thread - #102/INFO]: <clutch2dope> killed his ass[m
[02:59:35] [Async Chat Thread - #101/INFO]: <clutch2dope> or i mean her[m
[02:59:37] [Async Chat Thread - #102/INFO]: <clutch2dope> micelle[m
[02:59:38] [Async Chat Thread - #101/INFO]: <Cestroid> dope shit[m
[02:59:40] [Async Chat Thread - #102/INFO]: <clutch2dope> michelle[m
[02:59:43] [Async Chat Thread - #101/INFO]: <clutch2dope> wya[m
[02:59:52] [Async Chat Thread - #101/INFO]: <Cestroid> lost as hell now[m
[03:00:59] [Async Chat Thread - #104/INFO]: <Cestroid> once was lost but now im found[m
[03:01:22] [Async Chat Thread - #104/INFO]: <clutch2dope> i cot on fire[m
[03:02:15] [Async Chat Thread - #103/INFO]: <clutch2dope> wscardiepants[m
[03:02:21] [Async Chat Thread - #104/INFO]: <Cestroid> ahhh[m
[03:02:32] [Async Chat Thread - #103/INFO]: <clutch2dope> hogs lookin good tonight![m
[03:02:33] [Async Chat Thread - #103/INFO]: <Cestroid> dudes tweakin[m
[03:02:45] [Async Chat Thread - #104/INFO]: <Cestroid> look overe in the lava pits[m
[03:03:06] [Async Chat Thread - #104/INFO]: <clutch2dope> niqqa cant do shit[m
[03:03:08] [Async Chat Thread - #104/INFO]: <Cestroid> dumbas[m
[03:03:52] [Async Chat Thread - #103/INFO]: <clutch2dope> zachrelli type bloque[m
[03:03:54] [Async Chat Thread - #104/INFO]: <Cestroid> they mad we aint reppin there gang[m
[03:04:07] [Async Chat Thread - #103/INFO]: <clutch2dope> they only like cj[m
[03:04:15] [Async Chat Thread - #104/INFO]: <clutch2dope> bonus mom[m
[03:04:29] [Async Chat Thread - #104/INFO]: <clutch2dope> this place a piece of shit[m
[03:06:16] [Async Chat Thread - #105/INFO]: <clutch2dope> I M RICH[m
[03:06:26] [Async Chat Thread - #105/INFO]: <clutch2dope> another nether portal??[m
[03:06:32] [Async Chat Thread - #106/INFO]: <clutch2dope> bro[m
[03:06:38] [Async Chat Thread - #105/INFO]: <Cestroid> cj mus t been here[m
[03:07:19] [Async Chat Thread - #105/INFO]: <Cestroid> where all the good shit at[m
[03:07:27] [Async Chat Thread - #106/INFO]: <clutch2dope> i got 2 gold bloque[m
[03:08:10] [Async Chat Thread - #106/INFO]: <clutch2dope> this like a dungleon[m
[03:08:24] [Async Chat Thread - #105/INFO]: <clutch2dope> wya[m
[03:08:40] [Async Chat Thread - #106/INFO]: <Cestroid> rtrue[m
[03:09:39] [Async Chat Thread - #105/INFO]: <Cestroid> this the shit we just went down??[m
[03:09:43] [Async Chat Thread - #106/INFO]: <clutch2dope> ion[m
[03:10:15] [Server thread/INFO]: clutch2dope was slain by Piglin Brute
[03:10:19] [Async Chat Thread - #105/INFO]: <Cestroid> dude[m
[03:10:20] [Async Chat Thread - #106/INFO]: <clutch2dope> nooooo[m
[03:10:27] [Async Chat Thread - #105/INFO]: <Cestroid> bro was not chill with us[m
[03:11:18] [Async Chat Thread - #105/INFO]: <clutch2dope> u got me shit[m
[03:11:19] [Async Chat Thread - #106/INFO]: <clutch2dope> ?[m
[03:11:20] [Async Chat Thread - #105/INFO]: <Cestroid> where u die at so i can kill this hog[m
[03:11:33] [Async Chat Thread - #105/INFO]: <clutch2dope> in some hallway[m
[03:11:47] [Async Chat Thread - #106/INFO]: <Cestroid> my pixaxe just break not good[m
[03:12:30] [Async Chat Thread - #105/INFO]: <Cestroid> git ya shit[m
[03:12:38] [Async Chat Thread - #105/INFO]: <Cestroid> no clue where hog went[m
[03:13:08] [Server thread/INFO]: clutch2dope was slain by Piglin Brute
[03:13:14] [Async Chat Thread - #105/INFO]: <clutch2dope> dang[m
[03:13:23] [Async Chat Thread - #105/INFO]: <clutch2dope> there these guys guardin chest[m
[03:13:34] [Async Chat Thread - #106/INFO]: <Cestroid> there a chext??[m
[03:13:38] [Async Chat Thread - #106/INFO]: <clutch2dope> yup[m
[03:13:40] [Async Chat Thread - #105/INFO]: <Cestroid> SHifts probably dinsane[m
[03:13:49] [Async Chat Thread - #106/INFO]: <clutch2dope> like rite below u[m
[03:13:53] [Async Chat Thread - #106/INFO]: <clutch2dope> u find me shite?[m
[03:14:03] [Async Chat Thread - #105/INFO]: <Cestroid> yhe[m
[03:14:11] [Async Chat Thread - #106/INFO]: <clutch2dope> u get it?[m
[03:14:30] [Async Chat Thread - #105/INFO]: <Cestroid> they mad as hell thpo[m
[03:14:44] [Async Chat Thread - #106/INFO]: <Cestroid> found a chest fr fr but no room in inven to check out[m
[03:14:51] [Async Chat Thread - #105/INFO]: <Cestroid> will have to come back[m
[03:15:17] [Server thread/INFO]: clutch2dope was slain by Piglin Brute
[03:15:20] [Async Chat Thread - #105/INFO]: <clutch2dope> bru[m
[03:17:18] [Async Chat Thread - #107/INFO]: <Cestroid> im in the ceiling[m
[03:17:24] [Async Chat Thread - #108/INFO]: <clutch2dope> ahh[m
[03:17:26] [Async Chat Thread - #108/INFO]: <clutch2dope> i belowu[m
[03:18:51] [Async Chat Thread - #109/INFO]: <clutch2dope> me diamond piq[m
[03:18:52] [Async Chat Thread - #109/INFO]: <Cestroid> this pic urs>[m
[03:18:52] [Async Chat Thread - #109/INFO]: <clutch2dope> ?[m
[03:18:54] [Async Chat Thread - #109/INFO]: <clutch2dope> ah[m
[03:19:10] [Async Chat Thread - #110/INFO]: <Cestroid> dope[m
[03:19:15] [Async Chat Thread - #109/INFO]: <clutch2dope> 2clutch[m
[03:19:49] [Async Chat Thread - #110/INFO]: <Cestroid> chest in there but big dudes about[m
[03:19:51] [Async Chat Thread - #109/INFO]: <clutch2dope> beasts dwellin[m
[03:19:55] [Async Chat Thread - #110/INFO]: <clutch2dope> toot toot![m
[03:20:08] [Async Chat Thread - #109/INFO]: <clutch2dope> lots of em[m
[03:20:44] [Async Chat Thread - #110/INFO]: <Cestroid> dont let em across[m
[03:20:50] [Async Chat Thread - #110/INFO]: <Cestroid> lure em over to die[m
[03:22:07] [Server thread/INFO]: clutch2dope has made the advancement [War Pigs]
[03:22:10] [Async Chat Thread - #112/INFO]: <Cestroid> more in ere[m
[03:22:20] [Server thread/INFO]: clutch2dope has made the advancement [Ice Bucket Challenge]
[03:22:24] [Async Chat Thread - #111/INFO]: <clutch2dope> rich af[m
[03:23:08] [Async Chat Thread - #112/INFO]: <clutch2dope> 2 diamond pick[m
[03:23:14] [Async Chat Thread - #111/INFO]: <clutch2dope> one silk touch one efficiency[m
[03:23:39] [Async Chat Thread - #111/INFO]: <Cestroid> any gold armor?[m
[03:23:46] [Async Chat Thread - #112/INFO]: <clutch2dope> nahhh[m
[03:23:52] [Async Chat Thread - #111/INFO]: <clutch2dope> iron sword curse o vanishing[m
[03:23:59] [Async Chat Thread - #111/INFO]: <Cestroid> dope ass shit\[m
[03:24:15] [Async Chat Thread - #112/INFO]: <clutch2dope> tbh need rendar chest[m
[03:24:19] [Async Chat Thread - #111/INFO]: <Cestroid> yeh[m
[03:24:26] [Async Chat Thread - #112/INFO]: <Cestroid> need blazr rod for at tho[m
[03:24:35] [Async Chat Thread - #111/INFO]: <clutch2dope> got 4 magma cream[m
[03:25:59] [Async Chat Thread - #114/INFO]: <Cestroid> yeo[m
[03:26:02] [Async Chat Thread - #113/INFO]: <Cestroid> portal[m
[03:26:05] [Async Chat Thread - #114/INFO]: <clutch2dope> cjames poortal[m
[03:26:18] [Async Chat Thread - #113/INFO]: <Cestroid> there gotta be more chest in this shit[m
[03:26:23] [Async Chat Thread - #114/INFO]: <clutch2dope> mhhmm[m
[03:27:14] [Async Chat Thread - #113/INFO]: <Cestroid> i see one down ere[m
[03:27:19] [Async Chat Thread - #114/INFO]: <Cestroid> in the gold shit pile[m
[03:27:22] [Async Chat Thread - #113/INFO]: <clutch2dope> GOLD[m
[03:28:45] [Server thread/INFO]: Cestroid has made the advancement [War Pigs]
[03:28:54] [Async Chat Thread - #116/INFO]: <clutch2dope> hot hot hot[m
[03:29:06] [Async Chat Thread - #116/INFO]: <Cestroid> the fuck is smithing table templates\[m
[03:29:11] [Async Chat Thread - #116/INFO]: <clutch2dope> DOPE[m
[03:29:16] [Server thread/INFO]: Cestroid has made the advancement [Who is Cutting Onions?]
[03:30:16] [Server thread/INFO]: Cestroid fell from a high place
[03:30:20] [Async Chat Thread - #117/INFO]: <clutch2dope> BRUH[m
[03:30:24] [Async Chat Thread - #118/INFO]: <clutch2dope> wya??[m
[03:30:26] [Async Chat Thread - #117/INFO]: <Cestroid> FUCK[m
[03:30:37] [Async Chat Thread - #117/INFO]: <Cestroid> fell al the way doen into lava[m
[03:30:41] [Async Chat Thread - #118/INFO]: <clutch2dope> dannng[m
[03:30:42] [Async Chat Thread - #117/INFO]: <Cestroid> fuuuuck[m
[03:31:04] [Async Chat Thread - #118/INFO]: <Cestroid> ion even care bout any the shit i had but i lost me smithing table shit\[m
[03:31:10] [Async Chat Thread - #118/INFO]: <clutch2dope> NOOOO[m
[03:31:34] [Async Chat Thread - #117/INFO]: <clutch2dope> i almost down 2 gold[m
[03:31:46] [Async Chat Thread - #117/INFO]: <Cestroid> dope ass shit im finna load up and come back[m
[03:32:27] [Async Chat Thread - #117/INFO]: <clutch2dope> magma slimes ere[m
[03:35:09] [Async Chat Thread - #120/INFO]: <Cestroid> nether some dangerous ass shit fr fr[m
[03:37:07] [Async Chat Thread - #121/INFO]: <clutch2dope> bruh spawner here[m
[03:37:14] [Async Chat Thread - #121/INFO]: <Cestroid> what spawner\[m
[03:37:18] [Async Chat Thread - #122/INFO]: <clutch2dope> magma cube[m
[03:37:33] [Async Chat Thread - #121/INFO]: <Cestroid> ZAMNN[m
[03:37:43] [Async Chat Thread - #122/INFO]: <Cestroid> i found new smithing table shit[m
[03:38:21] [Async Chat Thread - #122/INFO]: <clutch2dope> yehhhh[m
[03:38:27] [Async Chat Thread - #121/INFO]: <clutch2dope> this chest kinda sux[m
[03:38:32] [Async Chat Thread - #122/INFO]: <Cestroid> you got any?[m
[03:38:32] [Server thread/INFO]: clutch2dope has made the advancement [Hidden in the Depths]
[03:38:32] [Server thread/INFO]: clutch2dope has made the advancement [Cover Me with Diamonds]
[03:39:58] [Async Chat Thread - #124/INFO]: <clutch2dope> wya[m
[03:40:03] [Async Chat Thread - #123/INFO]: <Cestroid> tryna find in[m
[03:40:04] [Async Chat Thread - #124/INFO]: <clutch2dope> i see u tag a sec ago[m
[03:40:23] [Async Chat Thread - #123/INFO]: <Cestroid> you still in ere?[m
[03:40:28] [Async Chat Thread - #124/INFO]: <clutch2dope> yeh[m
[03:40:31] [Async Chat Thread - #123/INFO]: <clutch2dope> gettin out rn[m
[03:41:49] [Async Chat Thread - #126/INFO]: <clutch2dope> yooo[m
[03:41:53] [Async Chat Thread - #125/INFO]: <clutch2dope> icu[m
[03:42:03] [Server thread/INFO]: clutch2dope was slain by Piglin Brute
[03:42:05] [Async Chat Thread - #126/INFO]: <Cestroid> yeh all me shit from earlier goneeee[m
[03:42:09] [Async Chat Thread - #126/INFO]: <clutch2dope> bruhhh[m
[03:42:11] [Async Chat Thread - #126/INFO]: <Cestroid> dude[m
[03:42:14] [Async Chat Thread - #125/INFO]: <clutch2dope> i was like a lvl below u[m
[03:42:21] [Async Chat Thread - #125/INFO]: <Cestroid> yeh i see[m
[03:43:31] [Server thread/INFO]: Cestroid has made the advancement [Cover Me with Diamonds]
[03:43:42] [Async Chat Thread - #127/INFO]: <Cestroid> gettin ya shit][m
[03:43:48] [Async Chat Thread - #128/INFO]: <clutch2dope> nice[m
[03:43:49] [Async Chat Thread - #128/INFO]: <clutch2dope> i close[m
[03:44:51] [Async Chat Thread - #130/INFO]: <clutch2dope> gimme the loot![m
[03:44:56] [Async Chat Thread - #129/INFO]: <clutch2dope> XD[m
[03:45:22] [Async Chat Thread - #130/INFO]: <clutch2dope> aight[m
[03:45:24] [Async Chat Thread - #129/INFO]: <clutch2dope> lets get out[m
[03:45:38] [Async Chat Thread - #130/INFO]: <Cestroid> u have any netherite scraps or just the netherite ore[m
[03:45:48] [Async Chat Thread - #129/INFO]: <clutch2dope> u got second pic ot did we lose that?[m
[03:45:53] [Async Chat Thread - #130/INFO]: <clutch2dope> just scrap L/[m
[03:45:55] [Async Chat Thread - #129/INFO]: <clutch2dope> :/[m
[03:46:05] [Async Chat Thread - #130/INFO]: <Cestroid> u should have it...[m
[03:46:11] [Async Chat Thread - #129/INFO]: <Cestroid> threw both>?[m
[03:46:13] [Async Chat Thread - #129/INFO]: <clutch2dope> nah i had 3 diamond pics[m
[03:46:21] [Async Chat Thread - #130/INFO]: <clutch2dope> one silk one efficiency i tink[m
[03:46:22] [Async Chat Thread - #130/INFO]: <Cestroid> ohh i just find 2[m
[03:47:17] [Async Chat Thread - #129/INFO]: <clutch2dope> suckass[m
[03:47:35] [Async Chat Thread - #130/INFO]: <clutch2dope> NIIIICE[m
[03:49:28] [Async Chat Thread - #131/INFO]: <Cestroid> idk this place might be all looted up[m
[03:49:36] [Async Chat Thread - #132/INFO]: <clutch2dope> prolly[m
[03:49:45] [Async Chat Thread - #131/INFO]: <clutch2dope> lets go home rq[m
[03:51:12] [Async Chat Thread - #134/INFO]: <clutch2dope> entrance up ere[m
[03:51:27] [Async Chat Thread - #133/INFO]: <Cestroid> clutch 2 dope[m
[03:52:04] [Async Chat Thread - #133/INFO]: <clutch2dope> wya[m
[03:52:18] [Async Chat Thread - #134/INFO]: <Cestroid> lookin for chests *SKull emoji[m
[03:52:25] [Async Chat Thread - #133/INFO]: <clutch2dope> XD[m
[03:52:32] [Async Chat Thread - #134/INFO]: <Cestroid> aight im comin[m
[03:52:50] [Async Chat Thread - #133/INFO]: <clutch2dope> this shits massive[m
[03:55:12] [Async Chat Thread - #136/INFO]: <Cestroid> made it back home with some dope ass loot[m
[03:55:18] [Async Chat Thread - #136/INFO]: <Cestroid> only died a couple time[m
[03:55:24] [Async Chat Thread - #135/INFO]: <clutch2dope> unloadinfg at clutchpad[m
[03:57:21] [Async Chat Thread - #137/INFO]: <clutch2dope> so dope![m
[03:57:25] [Async Chat Thread - #137/INFO]: <Cestroid> mhmmmmmm[m
[03:57:37] [Async Chat Thread - #138/INFO]: <clutch2dope> whats this smithing shite[m
[03:57:42] [Async Chat Thread - #137/INFO]: <Cestroid> idk[m
[03:57:48] [Async Chat Thread - #138/INFO]: <Cestroid> prolly some new ass shit[m
